<?xml version="1.0" encoding="UTF-8"?>
<testsuite name="com.me92100984.todo.TodoApplicationTests" tests="1" skipped="0" failures="0" errors="0" timestamp="2024-12-23T03:24:15" hostname="DESKTOP-9K31RKJ" time="0.509">
  <properties/>
  <testcase name="contextLoads()" classname="com.me92100984.todo.TodoApplicationTests" time="0.509"/>
  <system-out><![CDATA[2024-12-23T03:24:10.017584Z Test worker INFO Starting configuration XmlConfiguration[location=C:\javaworkspace\spring-boot\todo\build\resources\main\log4j2.xml, lastModified=2024-12-23T03:24:06.779Z]...
2024-12-23T03:24:10.021574500Z Test worker INFO Start watching for changes to C:\javaworkspace\spring-boot\todo\build\resources\main\log4j2.xml every 0 seconds
2024-12-23T03:24:10.021574500Z Test worker INFO Configuration XmlConfiguration[location=C:\javaworkspace\spring-boot\todo\build\resources\main\log4j2.xml, lastModified=2024-12-23T03:24:06.779Z] started.
2024-12-23T03:24:10.024566100Z Test worker INFO Stopping configuration org.apache.logging.log4j.core.config.DefaultConfiguration@18025ced...
2024-12-23T03:24:10.025563500Z Test worker INFO Configuration org.apache.logging.log4j.core.config.DefaultConfiguration@18025ced stopped.
[INFO ] 2024-12-23 12:24:10.146 context.support.AnnotationConfigContextLoaderUtils - Could not detect default configuration classes for test class [com.me92100984.todo.TodoApplicationTests]: TodoApplicationTests does not declare any static, non-private, non-final, nested classes annotated with @Configuration.
[INFO ] 2024-12-23 12:24:10.272 test.context.SpringBootTestContextBootstrapper - Found @SpringBootConfiguration com.me92100984.todo.TodoApplication for test class com.me92100984.todo.TodoApplicationTests
[INFO ] 2024-12-23 12:24:10.453 devtools.restart.RestartApplicationListener - Restart disabled due to context in which it is running
2024-12-23T03:24:10.655251500Z Test worker INFO Starting configuration XmlConfiguration[location=C:\javaworkspace\spring-boot\todo\build\resources\main\log4j2.xml, lastModified=2024-12-23T03:24:06.779Z]...
2024-12-23T03:24:10.655251500Z Test worker INFO Start watching for changes to C:\javaworkspace\spring-boot\todo\build\resources\main\log4j2.xml every 0 seconds
2024-12-23T03:24:10.655251500Z Test worker INFO Configuration XmlConfiguration[location=C:\javaworkspace\spring-boot\todo\build\resources\main\log4j2.xml, lastModified=2024-12-23T03:24:06.779Z] started.
2024-12-23T03:24:10.656248900Z Test worker INFO Stopping configuration XmlConfiguration[location=C:\javaworkspace\spring-boot\todo\build\resources\main\log4j2.xml, lastModified=2024-12-23T03:24:06.779Z]...
2024-12-23T03:24:10.656248900Z Test worker INFO Configuration XmlConfiguration[location=C:\javaworkspace\spring-boot\todo\build\resources\main\log4j2.xml, lastModified=2024-12-23T03:24:06.779Z] stopped.

  .   ____          _            __ _ _
 /\\ / ___'_ __ _ _(_)_ __  __ _ \ \ \ \
( ( )\___ | '_ | '_| | '_ \/ _` | \ \ \ \
 \\/  ___)| |_)| | | | | || (_| |  ) ) ) )
  '  |____| .__|_| |_|_| |_\__, | / / / /
 =========|_|==============|___/=/_/_/_/

 :: Spring Boot ::                (v3.4.1)

[INFO ] 2024-12-23 12:24:10.749 me92100984.todo.TodoApplicationTests - Starting TodoApplicationTests using Java 17.0.11 with PID 9528 (started by tj in C:\javaworkspace\spring-boot\todo)
[INFO ] 2024-12-23 12:24:10.753 me92100984.todo.TodoApplicationTests - No active profile set, falling back to 1 default profile: "default"
[INFO ] 2024-12-23 12:24:11.657 repository.config.RepositoryConfigurationDelegate - Bootstrapping Spring Data JPA repositories in DEFAULT mode.
[INFO ] 2024-12-23 12:24:11.720 repository.config.RepositoryConfigurationDelegate - Finished Spring Data repository scanning in 52 ms. Found 1 JPA repository interface.
[INFO ] 2024-12-23 12:24:12.251 internal.util.LogHelper - HHH000204: Processing PersistenceUnitInfo [name: default]
[INFO ] 2024-12-23 12:24:12.337 org.hibernate.Version - HHH000412: Hibernate ORM core version 6.6.4.Final
[INFO ] 2024-12-23 12:24:12.385 cache.internal.RegionFactoryInitiator - HHH000026: Second-level cache disabled
[INFO ] 2024-12-23 12:24:12.768 jpa.persistenceunit.SpringPersistenceUnitInfo - No LoadTimeWeaver setup: ignoring JPA class transformer
[INFO ] 2024-12-23 12:24:12.817 zaxxer.hikari.HikariDataSource - HikariPool-1 - Starting...
[INFO ] 2024-12-23 12:24:13.092 hikari.pool.HikariPool - HikariPool-1 - Added connection net.sf.log4jdbc.sql.jdbcapi.ConnectionSpy@5a9051fd
[INFO ] 2024-12-23 12:24:13.095 zaxxer.hikari.HikariDataSource - HikariPool-1 - Start completed.
[INFO ] 2024-12-23 12:24:13.172 orm.connections.pooling - HHH10001005: Database info:
	Database JDBC URL [Connecting through datasource 'HikariDataSource (HikariPool-1)']
	Database driver: undefined/unknown
	Database version: 2.3.232
	Autocommit mode: undefined/unknown
	Isolation level: undefined/unknown
	Minimum pool size: undefined/unknown
	Maximum pool size: undefined/unknown
[INFO ] 2024-12-23 12:24:14.102 platform.internal.JtaPlatformInitiator - HHH000489: No JTA platform available (set 'hibernate.transaction.jta.platform' to enable JTA platform integration)
[INFO ] 2024-12-23 12:24:14.147 jdbc.sqltiming - select * from INFORMATION_SCHEMA.SEQUENCES
 {executed in 4 msec}
[INFO ] 2024-12-23 12:24:14.156 jdbc.resultsettable - 
|-----------------|----------------|--------------|----------|------------------|------------------------|--------------|------------|--------------|--------------|----------|-------------|-------------------|---------------------------|-----------------------|-----------|------|--------|
|sequence_catalog |sequence_schema |sequence_name |data_type |numeric_precision |numeric_precision_radix |numeric_scale |start_value |minimum_value |maximum_value |increment |cycle_option |declared_data_type |declared_numeric_precision |declared_numeric_scale |base_value |cache |remarks |
|-----------------|----------------|--------------|----------|------------------|------------------------|--------------|------------|--------------|--------------|----------|-------------|-------------------|---------------------------|-----------------------|-----------|------|--------|
|-----------------|----------------|--------------|----------|------------------|------------------------|--------------|------------|--------------|--------------|----------|-------------|-------------------|---------------------------|-----------------------|-----------|------|--------|

[INFO ] 2024-12-23 12:24:14.178 jdbc.sqltiming - create table tbl_todo (id bigint generated by default as identity, done boolean not null, task varchar(255), primary key (id))
 {executed in 7 msec}
[INFO ] 2024-12-23 12:24:14.180 orm.jpa.LocalContainerEntityManagerFactoryBean - Initialized JPA EntityManagerFactory for persistence unit 'default'
[WARN ] 2024-12-23 12:24:14.675 orm.jpa.JpaBaseConfiguration$JpaWebConfiguration - spring.jpa.open-in-view is enabled by default. Therefore, database queries may be performed during view rendering. Explicitly configure spring.jpa.open-in-view to disable this warning
[INFO ] 2024-12-23 12:24:14.734 validation.beanvalidation.OptionalValidatorFactoryBean - Failed to set up a Bean Validation provider: jakarta.validation.NoProviderFoundException: Unable to create a Configuration, because no Jakarta Bean Validation provider could be found. Add a provider like Hibernate Validator (RI) to your classpath.
[INFO ] 2024-12-23 12:24:15.185 autoconfigure.h2.H2ConsoleAutoConfiguration - H2 console available at '/h2-console'. Database available at 'jdbc:h2:mem:todo'
[INFO ] 2024-12-23 12:24:15.268 me92100984.todo.TodoApplicationTests - Started TodoApplicationTests in 4.827 seconds (process running for 6.628)
]]></system-out>
  <system-err><![CDATA[]]></system-err>
</testsuite>
