<?xml version="1.0" encoding="UTF-8"?>
<testsuite name="com.me92100984.demo.DemoApplicationTests" tests="1" skipped="0" failures="0" errors="0" timestamp="2024-12-09T06:31:49" hostname="DESKTOP-9K31RKJ" time="0.947">
  <properties/>
  <testcase name="contextLoads()" classname="com.me92100984.demo.DemoApplicationTests" time="0.947"/>
  <system-out><![CDATA[15:31:46.369 [Test worker] INFO org.springframework.test.context.support.AnnotationConfigContextLoaderUtils -- Could not detect default configuration classes for test class [com.me92100984.demo.DemoApplicationTests]: DemoApplicationTests does not declare any static, non-private, non-final, nested classes annotated with @Configuration.
15:31:46.514 [Test worker] INFO org.springframework.boot.test.context.SpringBootTestContextBootstrapper -- Found @SpringBootConfiguration com.me92100984.demo.DemoApplication for test class com.me92100984.demo.DemoApplicationTests

  .   ____          _            __ _ _
 /\\ / ___'_ __ _ _(_)_ __  __ _ \ \ \ \
( ( )\___ | '_ | '_| | '_ \/ _` | \ \ \ \
 \\/  ___)| |_)| | | | | || (_| |  ) ) ) )
  '  |____| .__|_| |_|_| |_\__, | / / / /
 =========|_|==============|___/=/_/_/_/

 :: Spring Boot ::       (v3.4.1-SNAPSHOT)

2024-12-09T15:31:46.994+09:00  INFO 9304 --- [demo] [    Test worker] c.me92100984.demo.DemoApplicationTests   : Starting DemoApplicationTests using Java 17.0.11 with PID 9304 (started by tj in C:\javaworkspace\spring-boot\demo)
2024-12-09T15:31:46.996+09:00  INFO 9304 --- [demo] [    Test worker] c.me92100984.demo.DemoApplicationTests   : No active profile set, falling back to 1 default profile: "default"
2024-12-09T15:31:47.993+09:00  WARN 9304 --- [demo] [    Test worker] o.m.s.mapper.ClassPathMapperScanner      : No MyBatis mapper was found in '[com.me92100984.demo]' package. Please check your configuration.
2024-12-09T15:31:49.011+09:00  INFO 9304 --- [demo] [    Test worker] c.me92100984.demo.DemoApplicationTests   : Started DemoApplicationTests in 2.306 seconds (process running for 3.644)
]]></system-out>
  <system-err><![CDATA[]]></system-err>
</testsuite>
